  Main.cpp
F:\NUEVO SEMESTRE\ESTRUCTURA DE DATOS-7167\copia Estructuras de Datos\estructuradedatos2021-2022\PARCIAL 1\Deber 07 - Operaciones con Matrices\Matriz Potencia\MatrizPotencia\MatrizPotencia\Operaciones.cpp(18,5): error C3861: 'Matrix': no se encontró el identificador
F:\NUEVO SEMESTRE\ESTRUCTURA DE DATOS-7167\copia Estructuras de Datos\estructuradedatos2021-2022\PARCIAL 1\Deber 07 - Operaciones con Matrices\Matriz Potencia\MatrizPotencia\MatrizPotencia\Operaciones.h(33,29): message : Diagnóstico en la función 'Matriz<T> Operaciones::multiply_matriz(Matriz<T> &,Matriz<T> &)' generada por el compilador
F:\NUEVO SEMESTRE\ESTRUCTURA DE DATOS-7167\copia Estructuras de Datos\estructuradedatos2021-2022\PARCIAL 1\Deber 07 - Operaciones con Matrices\Matriz Potencia\MatrizPotencia\MatrizPotencia\Operaciones.cpp(21,21): error C3861: 'result': no se encontró el identificador
F:\NUEVO SEMESTRE\ESTRUCTURA DE DATOS-7167\copia Estructuras de Datos\estructuradedatos2021-2022\PARCIAL 1\Deber 07 - Operaciones con Matrices\Matriz Potencia\MatrizPotencia\MatrizPotencia\Operaciones.h(33,29): message : Diagnóstico en la función 'Matriz<T> Operaciones::multiply_matriz(Matriz<T> &,Matriz<T> &)' generada por el compilador
F:\NUEVO SEMESTRE\ESTRUCTURA DE DATOS-7167\copia Estructuras de Datos\estructuradedatos2021-2022\PARCIAL 1\Deber 07 - Operaciones con Matrices\Matriz Potencia\MatrizPotencia\MatrizPotencia\Operaciones.cpp(35,12): error C3861: 'result': no se encontró el identificador
F:\NUEVO SEMESTRE\ESTRUCTURA DE DATOS-7167\copia Estructuras de Datos\estructuradedatos2021-2022\PARCIAL 1\Deber 07 - Operaciones con Matrices\Matriz Potencia\MatrizPotencia\MatrizPotencia\Operaciones.h(33,29): message : Diagnóstico en la función 'Matriz<T> Operaciones::multiply_matriz(Matriz<T> &,Matriz<T> &)' generada por el compilador
F:\NUEVO SEMESTRE\ESTRUCTURA DE DATOS-7167\copia Estructuras de Datos\estructuradedatos2021-2022\PARCIAL 1\Deber 07 - Operaciones con Matrices\Matriz Potencia\MatrizPotencia\MatrizPotencia\Operaciones.cpp(56,5): error C3861: 'Matrix': no se encontró el identificador
F:\NUEVO SEMESTRE\ESTRUCTURA DE DATOS-7167\copia Estructuras de Datos\estructuradedatos2021-2022\PARCIAL 1\Deber 07 - Operaciones con Matrices\Matriz Potencia\MatrizPotencia\MatrizPotencia\Operaciones.h(26,29): message : Diagnóstico en la función 'Matriz<T> Operaciones::multiply_matriz_pow(Matriz<T> &,int)' generada por el compilador
F:\NUEVO SEMESTRE\ESTRUCTURA DE DATOS-7167\copia Estructuras de Datos\estructuradedatos2021-2022\PARCIAL 1\Deber 07 - Operaciones con Matrices\Matriz Potencia\MatrizPotencia\MatrizPotencia\Operaciones.cpp(56,15): error C3861: 'result': no se encontró el identificador
F:\NUEVO SEMESTRE\ESTRUCTURA DE DATOS-7167\copia Estructuras de Datos\estructuradedatos2021-2022\PARCIAL 1\Deber 07 - Operaciones con Matrices\Matriz Potencia\MatrizPotencia\MatrizPotencia\Operaciones.h(26,29): message : Diagnóstico en la función 'Matriz<T> Operaciones::multiply_matriz_pow(Matriz<T> &,int)' generada por el compilador
F:\NUEVO SEMESTRE\ESTRUCTURA DE DATOS-7167\copia Estructuras de Datos\estructuradedatos2021-2022\PARCIAL 1\Deber 07 - Operaciones con Matrices\Matriz Potencia\MatrizPotencia\MatrizPotencia\Operaciones.cpp(82,9): error C3861: 'result': no se encontró el identificador
F:\NUEVO SEMESTRE\ESTRUCTURA DE DATOS-7167\copia Estructuras de Datos\estructuradedatos2021-2022\PARCIAL 1\Deber 07 - Operaciones con Matrices\Matriz Potencia\MatrizPotencia\MatrizPotencia\Operaciones.h(26,29): message : Diagnóstico en la función 'Matriz<T> Operaciones::multiply_matriz_pow(Matriz<T> &,int)' generada por el compilador
F:\NUEVO SEMESTRE\ESTRUCTURA DE DATOS-7167\copia Estructuras de Datos\estructuradedatos2021-2022\PARCIAL 1\Deber 07 - Operaciones con Matrices\Matriz Potencia\MatrizPotencia\MatrizPotencia\Operaciones.cpp(89,13): error C3861: 'result': no se encontró el identificador
F:\NUEVO SEMESTRE\ESTRUCTURA DE DATOS-7167\copia Estructuras de Datos\estructuradedatos2021-2022\PARCIAL 1\Deber 07 - Operaciones con Matrices\Matriz Potencia\MatrizPotencia\MatrizPotencia\Operaciones.h(26,29): message : Diagnóstico en la función 'Matriz<T> Operaciones::multiply_matriz_pow(Matriz<T> &,int)' generada por el compilador
F:\NUEVO SEMESTRE\ESTRUCTURA DE DATOS-7167\copia Estructuras de Datos\estructuradedatos2021-2022\PARCIAL 1\Deber 07 - Operaciones con Matrices\Matriz Potencia\MatrizPotencia\MatrizPotencia\Operaciones.cpp(89,38): error C3861: 'result': no se encontró el identificador
F:\NUEVO SEMESTRE\ESTRUCTURA DE DATOS-7167\copia Estructuras de Datos\estructuradedatos2021-2022\PARCIAL 1\Deber 07 - Operaciones con Matrices\Matriz Potencia\MatrizPotencia\MatrizPotencia\Operaciones.h(26,29): message : Diagnóstico en la función 'Matriz<T> Operaciones::multiply_matriz_pow(Matriz<T> &,int)' generada por el compilador
F:\NUEVO SEMESTRE\ESTRUCTURA DE DATOS-7167\copia Estructuras de Datos\estructuradedatos2021-2022\PARCIAL 1\Deber 07 - Operaciones con Matrices\Matriz Potencia\MatrizPotencia\MatrizPotencia\Operaciones.cpp(92,12): error C3861: 'result': no se encontró el identificador
F:\NUEVO SEMESTRE\ESTRUCTURA DE DATOS-7167\copia Estructuras de Datos\estructuradedatos2021-2022\PARCIAL 1\Deber 07 - Operaciones con Matrices\Matriz Potencia\MatrizPotencia\MatrizPotencia\Operaciones.h(26,29): message : Diagnóstico en la función 'Matriz<T> Operaciones::multiply_matriz_pow(Matriz<T> &,int)' generada por el compilador
  Operaciones.cpp
F:\NUEVO SEMESTRE\ESTRUCTURA DE DATOS-7167\copia Estructuras de Datos\estructuradedatos2021-2022\PARCIAL 1\Deber 07 - Operaciones con Matrices\Matriz Potencia\MatrizPotencia\MatrizPotencia\Operaciones.cpp(18,5): error C3861: 'Matrix': no se encontró el identificador
F:\NUEVO SEMESTRE\ESTRUCTURA DE DATOS-7167\copia Estructuras de Datos\estructuradedatos2021-2022\PARCIAL 1\Deber 07 - Operaciones con Matrices\Matriz Potencia\MatrizPotencia\MatrizPotencia\Operaciones.h(33,29): message : Diagnóstico en la función 'Matriz<T> Operaciones::multiply_matriz(Matriz<T> &,Matriz<T> &)' generada por el compilador
F:\NUEVO SEMESTRE\ESTRUCTURA DE DATOS-7167\copia Estructuras de Datos\estructuradedatos2021-2022\PARCIAL 1\Deber 07 - Operaciones con Matrices\Matriz Potencia\MatrizPotencia\MatrizPotencia\Operaciones.cpp(21,21): error C3861: 'result': no se encontró el identificador
F:\NUEVO SEMESTRE\ESTRUCTURA DE DATOS-7167\copia Estructuras de Datos\estructuradedatos2021-2022\PARCIAL 1\Deber 07 - Operaciones con Matrices\Matriz Potencia\MatrizPotencia\MatrizPotencia\Operaciones.h(33,29): message : Diagnóstico en la función 'Matriz<T> Operaciones::multiply_matriz(Matriz<T> &,Matriz<T> &)' generada por el compilador
F:\NUEVO SEMESTRE\ESTRUCTURA DE DATOS-7167\copia Estructuras de Datos\estructuradedatos2021-2022\PARCIAL 1\Deber 07 - Operaciones con Matrices\Matriz Potencia\MatrizPotencia\MatrizPotencia\Operaciones.cpp(35,12): error C3861: 'result': no se encontró el identificador
F:\NUEVO SEMESTRE\ESTRUCTURA DE DATOS-7167\copia Estructuras de Datos\estructuradedatos2021-2022\PARCIAL 1\Deber 07 - Operaciones con Matrices\Matriz Potencia\MatrizPotencia\MatrizPotencia\Operaciones.h(33,29): message : Diagnóstico en la función 'Matriz<T> Operaciones::multiply_matriz(Matriz<T> &,Matriz<T> &)' generada por el compilador
F:\NUEVO SEMESTRE\ESTRUCTURA DE DATOS-7167\copia Estructuras de Datos\estructuradedatos2021-2022\PARCIAL 1\Deber 07 - Operaciones con Matrices\Matriz Potencia\MatrizPotencia\MatrizPotencia\Operaciones.cpp(56,5): error C3861: 'Matrix': no se encontró el identificador
F:\NUEVO SEMESTRE\ESTRUCTURA DE DATOS-7167\copia Estructuras de Datos\estructuradedatos2021-2022\PARCIAL 1\Deber 07 - Operaciones con Matrices\Matriz Potencia\MatrizPotencia\MatrizPotencia\Operaciones.h(26,29): message : Diagnóstico en la función 'Matriz<T> Operaciones::multiply_matriz_pow(Matriz<T> &,int)' generada por el compilador
F:\NUEVO SEMESTRE\ESTRUCTURA DE DATOS-7167\copia Estructuras de Datos\estructuradedatos2021-2022\PARCIAL 1\Deber 07 - Operaciones con Matrices\Matriz Potencia\MatrizPotencia\MatrizPotencia\Operaciones.cpp(56,15): error C3861: 'result': no se encontró el identificador
F:\NUEVO SEMESTRE\ESTRUCTURA DE DATOS-7167\copia Estructuras de Datos\estructuradedatos2021-2022\PARCIAL 1\Deber 07 - Operaciones con Matrices\Matriz Potencia\MatrizPotencia\MatrizPotencia\Operaciones.h(26,29): message : Diagnóstico en la función 'Matriz<T> Operaciones::multiply_matriz_pow(Matriz<T> &,int)' generada por el compilador
F:\NUEVO SEMESTRE\ESTRUCTURA DE DATOS-7167\copia Estructuras de Datos\estructuradedatos2021-2022\PARCIAL 1\Deber 07 - Operaciones con Matrices\Matriz Potencia\MatrizPotencia\MatrizPotencia\Operaciones.cpp(82,9): error C3861: 'result': no se encontró el identificador
F:\NUEVO SEMESTRE\ESTRUCTURA DE DATOS-7167\copia Estructuras de Datos\estructuradedatos2021-2022\PARCIAL 1\Deber 07 - Operaciones con Matrices\Matriz Potencia\MatrizPotencia\MatrizPotencia\Operaciones.h(26,29): message : Diagnóstico en la función 'Matriz<T> Operaciones::multiply_matriz_pow(Matriz<T> &,int)' generada por el compilador
F:\NUEVO SEMESTRE\ESTRUCTURA DE DATOS-7167\copia Estructuras de Datos\estructuradedatos2021-2022\PARCIAL 1\Deber 07 - Operaciones con Matrices\Matriz Potencia\MatrizPotencia\MatrizPotencia\Operaciones.cpp(89,13): error C3861: 'result': no se encontró el identificador
F:\NUEVO SEMESTRE\ESTRUCTURA DE DATOS-7167\copia Estructuras de Datos\estructuradedatos2021-2022\PARCIAL 1\Deber 07 - Operaciones con Matrices\Matriz Potencia\MatrizPotencia\MatrizPotencia\Operaciones.h(26,29): message : Diagnóstico en la función 'Matriz<T> Operaciones::multiply_matriz_pow(Matriz<T> &,int)' generada por el compilador
F:\NUEVO SEMESTRE\ESTRUCTURA DE DATOS-7167\copia Estructuras de Datos\estructuradedatos2021-2022\PARCIAL 1\Deber 07 - Operaciones con Matrices\Matriz Potencia\MatrizPotencia\MatrizPotencia\Operaciones.cpp(89,38): error C3861: 'result': no se encontró el identificador
F:\NUEVO SEMESTRE\ESTRUCTURA DE DATOS-7167\copia Estructuras de Datos\estructuradedatos2021-2022\PARCIAL 1\Deber 07 - Operaciones con Matrices\Matriz Potencia\MatrizPotencia\MatrizPotencia\Operaciones.h(26,29): message : Diagnóstico en la función 'Matriz<T> Operaciones::multiply_matriz_pow(Matriz<T> &,int)' generada por el compilador
F:\NUEVO SEMESTRE\ESTRUCTURA DE DATOS-7167\copia Estructuras de Datos\estructuradedatos2021-2022\PARCIAL 1\Deber 07 - Operaciones con Matrices\Matriz Potencia\MatrizPotencia\MatrizPotencia\Operaciones.cpp(92,12): error C3861: 'result': no se encontró el identificador
F:\NUEVO SEMESTRE\ESTRUCTURA DE DATOS-7167\copia Estructuras de Datos\estructuradedatos2021-2022\PARCIAL 1\Deber 07 - Operaciones con Matrices\Matriz Potencia\MatrizPotencia\MatrizPotencia\Operaciones.h(26,29): message : Diagnóstico en la función 'Matriz<T> Operaciones::multiply_matriz_pow(Matriz<T> &,int)' generada por el compilador
  Generando código...
